2026-03-12T20:12:21.997-03:00  INFO 2112 --- [taskapp] [restartedMain] com.example.taskapp.TaskappApplication   : Starting TaskappApplication using Java 17.0.9 with PID 2112 (C:\Users\kalil\IdeaProjects\taskapp\target\classes started by kalil in C:\Users\kalil\IdeaProjects\taskapp)
2026-03-12T20:12:22.005-03:00  INFO 2112 --- [taskapp] [restartedMain] com.example.taskapp.TaskappApplication   : No active profile set, falling back to 1 default profile: "default"
2026-03-12T20:12:22.189-03:00  INFO 2112 --- [taskapp] [restartedMain] .e.DevToolsPropertyDefaultsPostProcessor : Devtools property defaults active! Set 'spring.devtools.add-properties' to 'false' to disable
2026-03-12T20:12:22.189-03:00  INFO 2112 --- [taskapp] [restartedMain] .e.DevToolsPropertyDefaultsPostProcessor : For additional web related logging consider setting the 'logging.level.web' property to 'DEBUG'
2026-03-12T20:12:23.636-03:00  INFO 2112 --- [taskapp] [restartedMain] .s.d.r.c.RepositoryConfigurationDelegate : Bootstrapping Spring Data JPA repositories in DEFAULT mode.
2026-03-12T20:12:23.709-03:00  INFO 2112 --- [taskapp] [restartedMain] .s.d.r.c.RepositoryConfigurationDelegate : Finished Spring Data repository scanning in 57 ms. Found 1 JPA repository interface.
2026-03-12T20:12:24.598-03:00  INFO 2112 --- [taskapp] [restartedMain] o.s.b.w.embedded.tomcat.TomcatWebServer  : Tomcat initialized with port 8080 (http)
2026-03-12T20:12:24.604-03:00  INFO 2112 --- [taskapp] [restartedMain] o.apache.catalina.core.StandardService   : Starting service [Tomcat]
2026-03-12T20:12:24.604-03:00  INFO 2112 --- [taskapp] [restartedMain] o.apache.catalina.core.StandardEngine    : Starting Servlet engine: [Apache Tomcat/10.1.52]
2026-03-12T20:12:24.655-03:00  INFO 2112 --- [taskapp] [restartedMain] o.a.c.c.C.[Tomcat].[localhost].[/]       : Initializing Spring embedded WebApplicationContext
2026-03-12T20:12:24.656-03:00  INFO 2112 --- [taskapp] [restartedMain] w.s.c.ServletWebServerApplicationContext : Root WebApplicationContext: initialization completed in 2463 ms
2026-03-12T20:12:24.827-03:00  INFO 2112 --- [taskapp] [restartedMain] o.hibernate.jpa.internal.util.LogHelper  : HHH000204: Processing PersistenceUnitInfo [name: default]
2026-03-12T20:12:24.888-03:00  INFO 2112 --- [taskapp] [restartedMain] org.hibernate.Version                    : HHH000412: Hibernate ORM core version 6.6.42.Final
2026-03-12T20:12:24.919-03:00  INFO 2112 --- [taskapp] [restartedMain] o.h.c.internal.RegionFactoryInitiator    : HHH000026: Second-level cache disabled
2026-03-12T20:12:25.194-03:00  INFO 2112 --- [taskapp] [restartedMain] o.s.o.j.p.SpringPersistenceUnitInfo      : No LoadTimeWeaver setup: ignoring JPA class transformer
2026-03-12T20:12:25.221-03:00  INFO 2112 --- [taskapp] [restartedMain] com.zaxxer.hikari.HikariDataSource       : HikariPool-1 - Starting...
2026-03-12T20:12:25.517-03:00  INFO 2112 --- [taskapp] [restartedMain] com.zaxxer.hikari.pool.HikariPool        : HikariPool-1 - Added connection ConnectionID:1 ClientConnectionId: a760cae9-0878-4ea0-82de-7eff3a742992
2026-03-12T20:12:25.519-03:00  INFO 2112 --- [taskapp] [restartedMain] com.zaxxer.hikari.HikariDataSource       : HikariPool-1 - Start completed.
2026-03-12T20:12:25.634-03:00  INFO 2112 --- [taskapp] [restartedMain] org.hibernate.orm.connections.pooling    : HHH10001005: Database info:
	Database JDBC URL [Connecting through datasource 'HikariDataSource (HikariPool-1)']
	Database driver: undefined/unknown
	Database version: 15.0
	Autocommit mode: undefined/unknown
	Isolation level: undefined/unknown
	Minimum pool size: undefined/unknown
	Maximum pool size: undefined/unknown
2026-03-12T20:12:26.506-03:00  INFO 2112 --- [taskapp] [restartedMain] o.h.e.t.j.p.i.JtaPlatformInitiator       : HHH000489: No JTA platform available (set 'hibernate.transaction.jta.platform' to enable JTA platform integration)
2026-03-12T20:12:26.778-03:00  INFO 2112 --- [taskapp] [restartedMain] j.LocalContainerEntityManagerFactoryBean : Initialized JPA EntityManagerFactory for persistence unit 'default'
2026-03-12T20:12:27.575-03:00  INFO 2112 --- [taskapp] [restartedMain] o.s.b.d.a.OptionalLiveReloadServer       : LiveReload server is running on port 35729
2026-03-12T20:12:27.599-03:00  INFO 2112 --- [taskapp] [restartedMain] o.s.b.w.embedded.tomcat.TomcatWebServer  : Tomcat started on port 8080 (http) with context path '/'
2026-03-12T20:12:27.615-03:00  INFO 2112 --- [taskapp] [restartedMain] com.example.taskapp.TaskappApplication   : Started TaskappApplication in 6.297 seconds (process running for 8.15)
2026-03-12T20:12:31.383-03:00  INFO 2112 --- [taskapp] [http-nio-8080-exec-2] o.a.c.c.C.[Tomcat].[localhost].[/]       : Initializing Spring DispatcherServlet 'dispatcherServlet'
2026-03-12T20:12:31.383-03:00  INFO 2112 --- [taskapp] [http-nio-8080-exec-2] o.s.web.servlet.DispatcherServlet        : Initializing Servlet 'dispatcherServlet'
2026-03-12T20:12:31.385-03:00  INFO 2112 --- [taskapp] [http-nio-8080-exec-2] o.s.web.servlet.DispatcherServlet        : Completed initialization in 1 ms
2026-03-12T20:12:31.501-03:00  WARN 2112 --- [taskapp] [http-nio-8080-exec-2] .m.m.a.ExceptionHandlerExceptionResolver : Resolved [org.springframework.web.servlet.resource.NoResourceFoundException: No static resource api/v1/tasks.]
2026-03-12T20:13:12.422-03:00  INFO 2112 --- [taskapp] [SpringApplicationShutdownHook] o.s.b.w.e.tomcat.GracefulShutdown        : Commencing graceful shutdown. Waiting for active requests to complete
2026-03-12T20:13:12.521-03:00  INFO 2112 --- [taskapp] [tomcat-shutdown] o.s.b.w.e.tomcat.GracefulShutdown        : Graceful shutdown complete
2026-03-12T20:13:12.521-03:00  INFO 2112 --- [taskapp] [SpringApplicationShutdownHook] j.LocalContainerEntityManagerFactoryBean : Closing JPA EntityManagerFactory for persistence unit 'default'
2026-03-12T20:13:12.521-03:00  INFO 2112 --- [taskapp] [SpringApplicationShutdownHook] com.zaxxer.hikari.HikariDataSource       : HikariPool-1 - Shutdown initiated...
2026-03-12T20:13:12.548-03:00  INFO 2112 --- [taskapp] [SpringApplicationShutdownHook] com.zaxxer.hikari.HikariDataSource       : HikariPool-1 - Shutdown completed.
